Start testing: Oct 24 19:43 CEST
----------------------------------------------------------
1/2 Testing: test_shared_dummy
1/2 Test: test_shared_dummy
Command: "/mnt/c/Users/stphd/Desktop/ENSEA_3A/catan/plt/test/shared/test_shared_dummy"
Directory: /mnt/c/Users/stphd/Desktop/ENSEA_3A/catan/plt
"test_shared_dummy" start time: Oct 24 19:43 CEST
Output:
----------------------------------------------------------
Running 3 test cases...

[1;32;49m*** No errors detected
[0;39;49m
<end of output>
Test time =   0.06 sec
----------------------------------------------------------
Test Passed.
"test_shared_dummy" end time: Oct 24 19:43 CEST
"test_shared_dummy" time elapsed: 00:00:00
----------------------------------------------------------

2/2 Testing: test_client_dummy
2/2 Test: test_client_dummy
Command: "/mnt/c/Users/stphd/Desktop/ENSEA_3A/catan/plt/test/client/test_client_dummy"
Directory: /mnt/c/Users/stphd/Desktop/ENSEA_3A/catan/plt
"test_client_dummy" start time: Oct 24 19:43 CEST
Output:
----------------------------------------------------------
Running 2 test cases...

[1;32;49m*** No errors detected
[0;39;49m
<end of output>
Test time =   0.29 sec
----------------------------------------------------------
Test Passed.
"test_client_dummy" end time: Oct 24 19:43 CEST
"test_client_dummy" time elapsed: 00:00:00
----------------------------------------------------------

End testing: Oct 24 19:43 CEST
